[2026-05-31 12:28:53] Inicializando. Guardando tamaño actual: 31062270 bytes.
[2026-05-31 12:29:14] El archivo no ha cambiado de tamaño desde la última verificación.
[2026-05-31 14:29:13] El archivo no ha cambiado de tamaño desde la última verificación.
[2026-05-31 16:29:13] El archivo no ha cambiado de tamaño desde la última verificación.
[2026-05-31 18:29:13] El archivo no ha cambiado de tamaño desde la última verificación.
[2026-05-31 20:29:13] El archivo no ha cambiado de tamaño desde la última verificación.
[2026-05-31 21:57:03] ¡Cambio detectado! Tamaño anterior: 1000 bytes. Nuevo tamaño: 31062270 bytes.
[2026-05-31 21:57:03] Descargando el archivo actualizado...
[2026-05-31 21:57:07] Enviando correo de notificación...
[2026-05-31 21:57:08] Correo enviado con éxito.
[2026-05-31 21:59:34] El archivo no ha cambiado de tamaño desde la última verificación.
[2026-05-31 22:24:52] ¡Incremento detectado! Tamaño anterior: 1000 bytes. Nuevo tamaño: 31062270 bytes.
[2026-05-31 22:24:52] Descargando el archivo actualizado...
[2026-05-31 22:24:56] Enviando correo de notificación...
[2026-05-31 22:24:57] Correo enviado con éxito.
[2026-05-31 22:29:13] El archivo no ha cambiado de tamaño desde la última verificación.
[2026-05-31 22:29:55] ¡Incremento detectado! Tamaño anterior: 1000 bytes. Nuevo tamaño: 31062270 bytes.
[2026-05-31 22:29:55] Descargando el archivo actualizado...
[2026-05-31 22:29:58] Ejecutando script de cálculo y consolidación...
[2026-05-31 22:31:36] Script de cálculo ejecutado con éxito.
[2026-05-31 22:31:37] Enviando correo de notificación...
[2026-05-31 22:31:38] Correo enviado con éxito.
[2026-05-31 22:36:45] ¡Incremento detectado! Tamaño anterior: 1000 bytes. Nuevo tamaño: 31062270 bytes.
[2026-05-31 22:36:45] Descargando el archivo actualizado...
[2026-05-31 22:36:47] Ejecutando script de cálculo y consolidación...
[2026-05-31 22:38:24] Script de cálculo ejecutado con éxito.
[2026-05-31 22:38:24] Enviando correo de notificación...
[2026-05-31 22:38:26] Correo enviado con éxito.
[2026-06-01 07:57:39] El archivo no ha cambiado de tamaño desde la última verificación.
[2026-06-01 08:03:01] El archivo no ha cambiado de tamaño desde la última verificación.
[2026-06-01 08:29:13] El archivo no ha cambiado de tamaño desde la última verificación.
[2026-06-01 08:30:29] El archivo no ha cambiado de tamaño desde la última verificación.
[2026-06-01 09:39:52] El archivo no ha cambiado de tamaño desde la última verificación.
[2026-06-01 09:41:12] El archivo no ha cambiado de tamaño desde la última verificación.
[2026-06-01 09:44:40] El archivo no ha cambiado de tamaño desde la última verificación.
[2026-06-01 09:45:27] El archivo no ha cambiado de tamaño desde la última verificación.
[2026-06-01 09:48:31] El archivo no ha cambiado de tamaño desde la última verificación.
[2026-06-01 09:52:24] El archivo no ha cambiado de tamaño desde la última verificación.
[2026-06-01 10:03:23] El archivo no ha cambiado de tamaño desde la última verificación.
[2026-06-01 10:13:42] El archivo no ha cambiado de tamaño desde la última verificación.
[2026-06-01 10:18:23] El archivo no ha cambiado de tamaño desde la última verificación.
[2026-06-01 10:33:23] El archivo no ha cambiado de tamaño desde la última verificación.
[2026-06-01 10:48:23] El archivo no ha cambiado de tamaño desde la última verificación.
[2026-06-01 11:03:23] El archivo no ha cambiado de tamaño desde la última verificación.
[2026-06-01 11:18:24] El archivo no ha cambiado de tamaño desde la última verificación.
[2026-06-01 11:33:23] El archivo no ha cambiado de tamaño desde la última verificación.
[2026-06-01 11:48:23] El archivo no ha cambiado de tamaño desde la última verificación.
[2026-06-01 12:03:23] El archivo no ha cambiado de tamaño desde la última verificación.
[2026-06-01 12:18:23] El archivo no ha cambiado de tamaño desde la última verificación.
[2026-06-01 12:33:23] El archivo no ha cambiado de tamaño desde la última verificación.
[2026-06-01 12:48:24] El archivo no ha cambiado de tamaño desde la última verificación.
[2026-06-01 13:03:24] El archivo no ha cambiado de tamaño desde la última verificación.
[2026-06-01 13:18:23] El archivo no ha cambiado de tamaño desde la última verificación.
[2026-06-01 13:33:24] El archivo no ha cambiado de tamaño desde la última verificación.
[2026-06-01 13:48:23] El archivo no ha cambiado de tamaño desde la última verificación.
[2026-06-01 14:03:23] El archivo no ha cambiado de tamaño desde la última verificación.
[2026-06-01 14:06:09] El archivo no ha cambiado de tamaño desde la última verificación.
[2026-06-01 14:10:00] El archivo no ha cambiado de tamaño desde la última verificación.
[2026-06-01 14:14:23] El archivo no ha cambiado de tamaño desde la última verificación.
[2026-06-01 14:14:25] El archivo no ha cambiado de tamaño desde la última verificación.
[2026-06-01 14:31:22] El archivo no ha cambiado de tamaño desde la última verificación.
[2026-06-01 14:42:04] El archivo no ha cambiado de tamaño desde la última verificación.
[2026-06-01 14:42:12] El archivo no ha cambiado de tamaño desde la última verificación.
[2026-06-01 14:42:25] El archivo no ha cambiado de tamaño desde la última verificación.
[2026-06-01 15:08:40] El archivo no ha cambiado de tamaño desde la última verificación.
[2026-06-01 15:13:24] El archivo no ha cambiado de tamaño desde la última verificación.
[2026-06-01 15:18:28] El archivo no ha cambiado de tamaño desde la última verificación.
[2026-06-01 15:23:23] El archivo no ha cambiado de tamaño desde la última verificación.
[2026-06-01 15:28:24] El archivo no ha cambiado de tamaño desde la última verificación.
[2026-06-01 15:33:24] El archivo no ha cambiado de tamaño desde la última verificación.
[2026-06-01 15:38:24] El archivo no ha cambiado de tamaño desde la última verificación.
[2026-06-01 15:43:23] El archivo no ha cambiado de tamaño desde la última verificación.
[2026-06-01 15:48:24] El archivo no ha cambiado de tamaño desde la última verificación.
[2026-06-01 15:53:24] El archivo no ha cambiado de tamaño desde la última verificación.
[2026-06-01 15:58:24] El archivo no ha cambiado de tamaño desde la última verificación.
[2026-06-01 16:03:24] El archivo no ha cambiado de tamaño desde la última verificación.
[2026-06-01 16:08:23] El archivo no ha cambiado de tamaño desde la última verificación.
[2026-06-01 16:13:24] El archivo no ha cambiado de tamaño desde la última verificación.
[2026-06-01 16:18:24] El archivo no ha cambiado de tamaño desde la última verificación.
[2026-06-01 16:23:24] El archivo no ha cambiado de tamaño desde la última verificación.
[2026-06-01 16:28:23] El archivo no ha cambiado de tamaño desde la última verificación.
[2026-06-01 16:33:23] El archivo no ha cambiado de tamaño desde la última verificación.
[2026-06-01 16:38:23] El archivo no ha cambiado de tamaño desde la última verificación.
[2026-06-01 16:43:23] El archivo no ha cambiado de tamaño desde la última verificación.
[2026-06-01 16:48:23] El archivo no ha cambiado de tamaño desde la última verificación.
[2026-06-01 16:53:23] El archivo no ha cambiado de tamaño desde la última verificación.
[2026-06-01 16:58:23] El archivo no ha cambiado de tamaño desde la última verificación.
[2026-06-01 17:03:23] El archivo no ha cambiado de tamaño desde la última verificación.
[2026-06-01 17:08:23] El archivo no ha cambiado de tamaño desde la última verificación.
[2026-06-01 17:13:23] El archivo no ha cambiado de tamaño desde la última verificación.
[2026-06-01 17:18:23] El archivo no ha cambiado de tamaño desde la última verificación.
[2026-06-01 17:23:23] El archivo no ha cambiado de tamaño desde la última verificación.
[2026-06-01 17:28:23] El archivo no ha cambiado de tamaño desde la última verificación.
[2026-06-01 17:33:23] El archivo no ha cambiado de tamaño desde la última verificación.
[2026-06-01 17:38:23] El archivo no ha cambiado de tamaño desde la última verificación.
[2026-06-01 17:43:23] El archivo no ha cambiado de tamaño desde la última verificación.
[2026-06-01 17:48:23] El archivo no ha cambiado de tamaño desde la última verificación.
[2026-06-01 17:53:23] El archivo no ha cambiado de tamaño desde la última verificación.
[2026-06-01 17:58:23] El archivo no ha cambiado de tamaño desde la última verificación.
[2026-06-01 18:03:23] El archivo no ha cambiado de tamaño desde la última verificación.
[2026-06-01 18:08:23] El archivo no ha cambiado de tamaño desde la última verificación.
[2026-06-01 18:13:23] El archivo no ha cambiado de tamaño desde la última verificación.
[2026-06-01 18:18:23] El archivo no ha cambiado de tamaño desde la última verificación.
[2026-06-01 18:23:23] El archivo no ha cambiado de tamaño desde la última verificación.
[2026-06-01 18:28:23] El archivo no ha cambiado de tamaño desde la última verificación.
[2026-06-01 18:33:23] El archivo no ha cambiado de tamaño desde la última verificación.
[2026-06-01 18:38:23] El archivo no ha cambiado de tamaño desde la última verificación.
[2026-06-01 18:43:23] El archivo no ha cambiado de tamaño desde la última verificación.
[2026-06-01 18:48:23] El archivo no ha cambiado de tamaño desde la última verificación.
[2026-06-01 18:53:23] El archivo no ha cambiado de tamaño desde la última verificación.
[2026-06-01 18:58:23] El archivo no ha cambiado de tamaño desde la última verificación.
[2026-06-01 19:03:23] El archivo no ha cambiado de tamaño desde la última verificación.
[2026-06-01 19:08:23] El archivo no ha cambiado de tamaño desde la última verificación.
[2026-06-01 19:13:23] El archivo no ha cambiado de tamaño desde la última verificación.
[2026-06-01 19:18:23] El archivo no ha cambiado de tamaño desde la última verificación.
[2026-06-01 19:23:23] El archivo no ha cambiado de tamaño desde la última verificación.
[2026-06-01 19:28:23] El archivo no ha cambiado de tamaño desde la última verificación.
[2026-06-01 19:33:23] El archivo no ha cambiado de tamaño desde la última verificación.
[2026-06-01 19:38:23] El archivo no ha cambiado de tamaño desde la última verificación.
[2026-06-01 19:43:23] El archivo no ha cambiado de tamaño desde la última verificación.
[2026-06-01 19:48:23] El archivo no ha cambiado de tamaño desde la última verificación.
[2026-06-01 19:53:23] El archivo no ha cambiado de tamaño desde la última verificación.
[2026-06-01 19:58:23] El archivo no ha cambiado de tamaño desde la última verificación.
[2026-06-01 20:03:23] El archivo no ha cambiado de tamaño desde la última verificación.
[2026-06-01 20:08:23] El archivo no ha cambiado de tamaño desde la última verificación.
[2026-06-01 20:13:23] El archivo no ha cambiado de tamaño desde la última verificación.
[2026-06-01 20:18:23] El archivo no ha cambiado de tamaño desde la última verificación.
[2026-06-01 20:23:23] El archivo no ha cambiado de tamaño desde la última verificación.
[2026-06-01 20:28:23] El archivo no ha cambiado de tamaño desde la última verificación.
[2026-06-01 20:33:23] El archivo no ha cambiado de tamaño desde la última verificación.
[2026-06-01 20:38:23] El archivo no ha cambiado de tamaño desde la última verificación.
[2026-06-01 20:43:23] El archivo no ha cambiado de tamaño desde la última verificación.
[2026-06-01 20:48:23] El archivo no ha cambiado de tamaño desde la última verificación.
[2026-06-01 20:53:23] El archivo no ha cambiado de tamaño desde la última verificación.
[2026-06-01 20:58:23] El archivo no ha cambiado de tamaño desde la última verificación.
[2026-06-01 21:03:23] El archivo no ha cambiado de tamaño desde la última verificación.
[2026-06-01 21:08:23] El archivo no ha cambiado de tamaño desde la última verificación.
[2026-06-01 21:13:23] El archivo no ha cambiado de tamaño desde la última verificación.
[2026-06-01 21:18:23] El archivo no ha cambiado de tamaño desde la última verificación.
[2026-06-01 21:23:23] El archivo no ha cambiado de tamaño desde la última verificación.
[2026-06-01 21:28:23] El archivo no ha cambiado de tamaño desde la última verificación.
[2026-06-01 21:33:23] El archivo no ha cambiado de tamaño desde la última verificación.
[2026-06-01 21:38:23] El archivo no ha cambiado de tamaño desde la última verificación.
[2026-06-01 21:43:24] El archivo no ha cambiado de tamaño desde la última verificación.
[2026-06-01 21:48:23] El archivo no ha cambiado de tamaño desde la última verificación.
[2026-06-01 21:53:25] El archivo no ha cambiado de tamaño desde la última verificación.
[2026-06-01 21:58:23] El archivo no ha cambiado de tamaño desde la última verificación.
[2026-06-01 22:03:23] El archivo no ha cambiado de tamaño desde la última verificación.
[2026-06-01 22:08:23] El archivo no ha cambiado de tamaño desde la última verificación.
[2026-06-01 22:13:23] El archivo no ha cambiado de tamaño desde la última verificación.
[2026-06-02 08:09:34] El archivo no ha cambiado de tamaño desde la última verificación.
[2026-06-02 08:14:27] El archivo no ha cambiado de tamaño desde la última verificación.
[2026-06-02 08:18:25] El archivo no ha cambiado de tamaño desde la última verificación.
[2026-06-02 08:23:25] El archivo no ha cambiado de tamaño desde la última verificación.
[2026-06-02 08:28:25] El archivo no ha cambiado de tamaño desde la última verificación.
[2026-06-02 08:33:26] El archivo no ha cambiado de tamaño desde la última verificación.
[2026-06-02 08:38:25] El archivo no ha cambiado de tamaño desde la última verificación.
[2026-06-02 08:43:26] El archivo no ha cambiado de tamaño desde la última verificación.
[2026-06-02 08:48:25] El archivo no ha cambiado de tamaño desde la última verificación.
[2026-06-02 08:53:25] El archivo no ha cambiado de tamaño desde la última verificación.
[2026-06-02 08:58:25] El archivo no ha cambiado de tamaño desde la última verificación.
[2026-06-02 09:03:25] El archivo no ha cambiado de tamaño desde la última verificación.
[2026-06-02 09:08:25] El archivo no ha cambiado de tamaño desde la última verificación.
[2026-06-02 09:13:25] El archivo no ha cambiado de tamaño desde la última verificación.
[2026-06-02 09:20:50] El archivo no ha cambiado de tamaño desde la última verificación.
[2026-06-02 09:23:25] El archivo no ha cambiado de tamaño desde la última verificación.
[2026-06-02 09:28:25] El archivo no ha cambiado de tamaño desde la última verificación.
[2026-06-02 09:33:25] El archivo no ha cambiado de tamaño desde la última verificación.
[2026-06-02 09:38:26] El archivo no ha cambiado de tamaño desde la última verificación.
[2026-06-02 09:43:25] El archivo no ha cambiado de tamaño desde la última verificación.
[2026-06-02 09:48:25] El archivo no ha cambiado de tamaño desde la última verificación.
[2026-06-02 09:53:26] El archivo no ha cambiado de tamaño desde la última verificación.
[2026-06-02 09:58:25] El archivo no ha cambiado de tamaño desde la última verificación.
[2026-06-02 10:03:25] El archivo no ha cambiado de tamaño desde la última verificación.
[2026-06-02 11:11:41] El archivo no ha cambiado de tamaño desde la última verificación.
[2026-06-02 11:26:14] El archivo no ha cambiado de tamaño desde la última verificación.
[2026-06-02 11:28:59] El archivo no ha cambiado de tamaño desde la última verificación.
[2026-06-02 11:45:30] El archivo no ha cambiado de tamaño desde la última verificación.
[2026-06-02 11:48:24] El archivo no ha cambiado de tamaño desde la última verificación.
[2026-06-02 11:50:32] El archivo no ha cambiado de tamaño desde la última verificación.
[2026-06-02 11:53:24] El archivo no ha cambiado de tamaño desde la última verificación.
[2026-06-02 11:55:19] El archivo no ha cambiado de tamaño desde la última verificación.
[2026-06-02 11:58:24] El archivo no ha cambiado de tamaño desde la última verificación.
[2026-06-02 12:03:24] El archivo no ha cambiado de tamaño desde la última verificación.
[2026-06-02 12:06:26] El archivo no ha cambiado de tamaño desde la última verificación.
[2026-06-02 12:08:24] El archivo no ha cambiado de tamaño desde la última verificación.
[2026-06-02 12:13:24] El archivo no ha cambiado de tamaño desde la última verificación.
[2026-06-02 12:18:25] El archivo no ha cambiado de tamaño desde la última verificación.
[2026-06-02 12:23:24] El archivo no ha cambiado de tamaño desde la última verificación.
[2026-06-02 12:28:24] El archivo no ha cambiado de tamaño desde la última verificación.
[2026-06-02 12:33:25] El archivo no ha cambiado de tamaño desde la última verificación.
[2026-06-02 12:38:25] El archivo no ha cambiado de tamaño desde la última verificación.
[2026-06-02 12:43:24] El archivo no ha cambiado de tamaño desde la última verificación.
[2026-06-02 12:48:25] El archivo no ha cambiado de tamaño desde la última verificación.
[2026-06-02 12:53:24] El archivo no ha cambiado de tamaño desde la última verificación.
[2026-06-02 12:58:24] El archivo no ha cambiado de tamaño desde la última verificación.
[2026-06-02 13:03:24] El archivo no ha cambiado de tamaño desde la última verificación.
[2026-06-02 13:08:24] El archivo no ha cambiado de tamaño desde la última verificación.
[2026-06-02 13:34:03] El archivo no ha cambiado de tamaño desde la última verificación.
[2026-06-02 13:34:04] El archivo no ha cambiado de tamaño desde la última verificación.
[2026-06-02 13:36:17] [WATCHDOG] Detectada instancia previa colgada (PID: 5456). Forzando terminación...
[2026-06-02 13:38:00] El archivo no ha cambiado de tamaño desde la última verificación.
[2026-06-02 13:38:24] El archivo no ha cambiado de tamaño desde la última verificación.
[2026-06-02 13:43:27] El archivo no ha cambiado de tamaño desde la última verificación.
[2026-06-02 13:48:27] El archivo no ha cambiado de tamaño desde la última verificación.
[2026-06-02 13:53:27] El archivo no ha cambiado de tamaño desde la última verificación.
[2026-06-02 13:58:27] El archivo no ha cambiado de tamaño desde la última verificación.
[2026-06-02 19:20:56] El archivo no ha cambiado de tamaño desde la última verificación.
[2026-06-02 14:30:31] El archivo no ha cambiado de tamaño desde la última verificación.
[2026-06-02 14:36:12] El archivo no ha cambiado de tamaño desde la última verificación.
[2026-06-02 14:43:34] El archivo no ha cambiado de tamaño desde la última verificación.
[2026-06-02 14:56:46] ¡Incremento detectado! Tamaño anterior: 1000 bytes. Nuevo tamaño: 31062270 bytes.
[2026-06-02 14:56:46] Descargando el archivo actualizado...
[2026-06-02 14:57:10] Ejecutando script de cálculo y consolidación...
[2026-06-02 14:58:12] Error al ejecutar el script de cálculo: Traceback (most recent call last):
  File "/home/runner/work/MonitorSri-Web/MonitorSri-Web/procesador_sri.py", line 316, in <module>
    main()
  File "/home/runner/work/MonitorSri-Web/MonitorSri-Web/procesador_sri.py", line 198, in main
    df_2023 = load_and_clean_2023(args.input_dir)
  File "/home/runner/work/MonitorSri-Web/MonitorSri-Web/procesador_sri.py", line 104, in load_and_clean_2023
    df = df[cols_to_keep].copy()
  File "/opt/hostedtoolcache/Python/3.10.20/x64/lib/python3.10/site-packages/pandas/core/frame.py", line 4119, in __getitem__
    indexer = self.columns._get_indexer_strict(key, "columns")[1]
  File "/opt/hostedtoolcache/Python/3.10.20/x64/lib/python3.10/site-packages/pandas/core/indexes/base.py", line 6212, in _get_indexer_strict
    self._raise_if_missing(keyarr, indexer, axis_name)
  File "/opt/hostedtoolcache/Python/3.10.20/x64/lib/python3.10/site-packages/pandas/core/indexes/base.py", line 6264, in _raise_if_missing
    raise KeyError(f"{not_found} not in index")
KeyError: "['CODIGO DE VEHICULO', 'FECHA PROCESO (MM/DD/AA)'] not in index"

[2026-06-02 14:58:12] Enviando correo de notificación de error...
[2026-06-02 14:58:13] Correo de error enviado con éxito.
[2026-06-02 14:58:13] Enviando correo de notificación...
[2026-06-02 14:58:14] Correo enviado con éxito.
[2026-06-02 15:25:55] El archivo no ha cambiado de tamaño desde la última verificación.
[2026-06-02 17:02:06] El archivo no ha cambiado de tamaño desde la última verificación.
[2026-06-02 18:58:18] El archivo no ha cambiado de tamaño desde la última verificación.
[2026-06-03 00:04:34] El archivo no ha cambiado de tamaño desde la última verificación.
[2026-06-03 05:03:10] El archivo no ha cambiado de tamaño desde la última verificación.
[2026-06-03 08:49:35] ¡Incremento detectado! Tamaño anterior: 1000 bytes. Nuevo tamaño: 31062270 bytes.
[2026-06-03 08:49:35] Descargando el archivo actualizado...
[2026-06-03 08:49:59] Ejecutando script de cálculo y consolidación...
[2026-06-03 08:54:51] Script de cálculo ejecutado con éxito.
[2026-06-03 08:54:51] Enviando correo de notificación...
[2026-06-03 08:54:52] Correo enviado con éxito.
[2026-06-03 09:58:47] El archivo no ha cambiado de tamaño desde la última verificación.
[2026-06-03 13:52:56] ¡Incremento detectado! Tamaño anterior: 31062270 bytes. Nuevo tamaño: 39565485 bytes.
[2026-06-03 13:52:56] Descargando el archivo actualizado...
[2026-06-03 13:53:22] Ejecutando script de cálculo y consolidación...
[2026-06-03 13:58:00] Script de cálculo ejecutado con éxito.
[2026-06-03 13:58:00] Enviando correo de notificación...
[2026-06-03 13:58:01] Correo enviado con éxito.
[2026-06-03 16:44:38] El archivo no ha cambiado de tamaño desde la última verificación.
[2026-06-03 18:24:32] El archivo no ha cambiado de tamaño desde la última verificación.
[2026-06-03 21:05:32] El archivo no ha cambiado de tamaño desde la última verificación.
[2026-06-04 01:54:22] El archivo no ha cambiado de tamaño desde la última verificación.
[2026-06-04 05:38:01] El archivo no ha cambiado de tamaño desde la última verificación.
[2026-06-04 08:48:20] Intento 1: Fallo en la conexión (Remote end closed connection without response).
[2026-06-04 08:48:38] Intento 2: Fallo en la conexión (<urlopen error [Errno 104] Connection reset by peer>).
[2026-06-04 08:48:43] Intento 3: Fallo en la conexión (Remote end closed connection without response).
[2026-06-04 08:48:43] Monitoreo abortado: No se pudo obtener un tamaño de archivo válido (> 0 bytes) tras los reintentos.
[2026-06-04 11:40:11] Intento 1: Fallo en la conexión (Remote end closed connection without response).
[2026-06-04 11:40:16] Intento 2: Fallo en la conexión (Remote end closed connection without response).
[2026-06-04 11:40:22] Intento 3: Fallo en la conexión (Remote end closed connection without response).
[2026-06-04 11:40:22] Monitoreo abortado: No se pudo obtener un tamaño de archivo válido (> 0 bytes) tras los reintentos.
[2026-06-04 14:06:34] El archivo no ha cambiado de tamaño desde la última verificación.
[2026-06-04 16:02:51] El archivo no ha cambiado de tamaño desde la última verificación.
[2026-06-04 17:41:46] El archivo no ha cambiado de tamaño desde la última verificación.
[2026-06-04 18:53:12] El archivo no ha cambiado de tamaño desde la última verificación.
[2026-06-04 21:52:01] El archivo no ha cambiado de tamaño desde la última verificación.
[2026-06-05 01:59:56] El archivo no ha cambiado de tamaño desde la última verificación.
[2026-06-05 05:53:30] El archivo no ha cambiado de tamaño desde la última verificación.
[2026-06-05 08:51:07] El archivo no ha cambiado de tamaño desde la última verificación.
[2026-06-05 11:25:04] El archivo no ha cambiado de tamaño desde la última verificación.
[2026-06-05 13:21:59] El archivo no ha cambiado de tamaño desde la última verificación.
[2026-06-05 15:21:58] El archivo no ha cambiado de tamaño desde la última verificación.
[2026-06-05 16:54:07] El archivo no ha cambiado de tamaño desde la última verificación.
[2026-06-05 18:05:43] El archivo no ha cambiado de tamaño desde la última verificación.
[2026-06-05 19:18:27] El archivo no ha cambiado de tamaño desde la última verificación.
[2026-06-05 23:32:10] El archivo no ha cambiado de tamaño desde la última verificación.
[2026-06-06 02:35:00] El archivo no ha cambiado de tamaño desde la última verificación.
[2026-06-06 04:36:37] El archivo no ha cambiado de tamaño desde la última verificación.
[2026-06-06 06:09:48] El archivo no ha cambiado de tamaño desde la última verificación.
[2026-06-06 07:18:16] El archivo no ha cambiado de tamaño desde la última verificación.
[2026-06-06 09:13:09] El archivo no ha cambiado de tamaño desde la última verificación.
[2026-06-06 10:42:14] El archivo no ha cambiado de tamaño desde la última verificación.
[2026-06-06 11:48:45] El archivo no ha cambiado de tamaño desde la última verificación.
[2026-06-06 12:56:22] El archivo no ha cambiado de tamaño desde la última verificación.
[2026-06-06 14:28:04] El archivo no ha cambiado de tamaño desde la última verificación.
[2026-06-06 15:42:32] El archivo no ha cambiado de tamaño desde la última verificación.
[2026-06-06 16:45:52] El archivo no ha cambiado de tamaño desde la última verificación.
[2026-06-06 17:47:00] El archivo no ha cambiado de tamaño desde la última verificación.
[2026-06-06 18:50:23] El archivo no ha cambiado de tamaño desde la última verificación.
[2026-06-06 21:03:47] El archivo no ha cambiado de tamaño desde la última verificación.
[2026-06-07 01:41:08] El archivo no ha cambiado de tamaño desde la última verificación.
[2026-06-07 04:51:43] El archivo no ha cambiado de tamaño desde la última verificación.
[2026-06-07 06:43:00] El archivo no ha cambiado de tamaño desde la última verificación.
[2026-06-07 08:10:06] El archivo no ha cambiado de tamaño desde la última verificación.
[2026-06-07 10:01:37] El archivo no ha cambiado de tamaño desde la última verificación.
[2026-06-07 11:40:44] El archivo no ha cambiado de tamaño desde la última verificación.
[2026-06-07 12:52:36] El archivo no ha cambiado de tamaño desde la última verificación.
[2026-06-07 14:10:12] El archivo no ha cambiado de tamaño desde la última verificación.
[2026-06-07 15:38:17] El archivo no ha cambiado de tamaño desde la última verificación.
[2026-06-07 16:49:41] El archivo no ha cambiado de tamaño desde la última verificación.
[2026-06-07 17:51:39] El archivo no ha cambiado de tamaño desde la última verificación.
[2026-06-07 18:58:52] El archivo no ha cambiado de tamaño desde la última verificación.
[2026-06-07 23:56:31] El archivo no ha cambiado de tamaño desde la última verificación.
[2026-06-08 04:26:12] El archivo no ha cambiado de tamaño desde la última verificación.
[2026-06-08 08:50:46] El archivo no ha cambiado de tamaño desde la última verificación.
[2026-06-08 12:00:34] El archivo no ha cambiado de tamaño desde la última verificación.
[2026-06-08 14:30:33] El archivo no ha cambiado de tamaño desde la última verificación.
[2026-06-08 16:25:14] El archivo no ha cambiado de tamaño desde la última verificación.
[2026-06-08 17:56:49] El archivo no ha cambiado de tamaño desde la última verificación.
[2026-06-08 19:10:09] El archivo no ha cambiado de tamaño desde la última verificación.
[2026-06-08 23:35:27] El archivo no ha cambiado de tamaño desde la última verificación.
[2026-06-09 03:19:33] El archivo no ha cambiado de tamaño desde la última verificación.
[2026-06-09 06:34:11] El archivo no ha cambiado de tamaño desde la última verificación.
[2026-06-09 09:02:49] El archivo no ha cambiado de tamaño desde la última verificación.
[2026-06-09 11:40:50] El archivo no ha cambiado de tamaño desde la última verificación.
[2026-06-09 13:59:25] El archivo no ha cambiado de tamaño desde la última verificación.
[2026-06-09 16:04:11] El archivo no ha cambiado de tamaño desde la última verificación.
[2026-06-09 17:45:50] El archivo no ha cambiado de tamaño desde la última verificación.
[2026-06-09 19:01:05] El archivo no ha cambiado de tamaño desde la última verificación.
[2026-06-09 23:40:29] El archivo no ha cambiado de tamaño desde la última verificación.
[2026-06-10 03:37:07] El archivo no ha cambiado de tamaño desde la última verificación.
[2026-06-10 06:58:03] El archivo no ha cambiado de tamaño desde la última verificación.
[2026-06-10 10:56:20] El archivo no ha cambiado de tamaño desde la última verificación.
[2026-06-10 13:32:22] El archivo no ha cambiado de tamaño desde la última verificación.
[2026-06-10 16:11:38] El archivo no ha cambiado de tamaño desde la última verificación.
[2026-06-10 17:57:59] El archivo no ha cambiado de tamaño desde la última verificación.
[2026-06-10 19:23:40] El archivo no ha cambiado de tamaño desde la última verificación.
[2026-06-11 00:08:08] El archivo no ha cambiado de tamaño desde la última verificación.
[2026-06-11 04:20:34] El archivo no ha cambiado de tamaño desde la última verificación.
[2026-06-11 07:59:10] El archivo no ha cambiado de tamaño desde la última verificación.
[2026-06-11 12:00:13] El archivo no ha cambiado de tamaño desde la última verificación.
[2026-06-11 14:40:18] El archivo no ha cambiado de tamaño desde la última verificación.
[2026-06-11 16:51:00] El archivo no ha cambiado de tamaño desde la última verificación.
[2026-06-11 18:12:57] El archivo no ha cambiado de tamaño desde la última verificación.
[2026-06-11 20:40:51] El archivo no ha cambiado de tamaño desde la última verificación.
[2026-06-12 01:20:06] El archivo no ha cambiado de tamaño desde la última verificación.
[2026-06-12 05:44:56] El archivo no ha cambiado de tamaño desde la última verificación.
[2026-06-12 08:53:52] El archivo no ha cambiado de tamaño desde la última verificación.
[2026-06-12 11:42:07] El archivo no ha cambiado de tamaño desde la última verificación.
[2026-06-12 13:31:52] El archivo no ha cambiado de tamaño desde la última verificación.
[2026-06-12 15:38:43] El archivo no ha cambiado de tamaño desde la última verificación.
[2026-06-12 17:14:51] El archivo no ha cambiado de tamaño desde la última verificación.
[2026-06-12 18:55:16] El archivo no ha cambiado de tamaño desde la última verificación.
[2026-06-12 22:47:11] El archivo no ha cambiado de tamaño desde la última verificación.
[2026-06-13 02:37:16] El archivo no ha cambiado de tamaño desde la última verificación.
[2026-06-13 05:16:14] El archivo no ha cambiado de tamaño desde la última verificación.
[2026-06-13 07:04:53] El archivo no ha cambiado de tamaño desde la última verificación.
[2026-06-13 09:22:08] El archivo no ha cambiado de tamaño desde la última verificación.
[2026-06-13 10:55:27] El archivo no ha cambiado de tamaño desde la última verificación.
[2026-06-13 12:23:09] El archivo no ha cambiado de tamaño desde la última verificación.
[2026-06-13 13:51:20] El archivo no ha cambiado de tamaño desde la última verificación.
[2026-06-13 15:10:30] El archivo no ha cambiado de tamaño desde la última verificación.
[2026-06-13 16:38:37] El archivo no ha cambiado de tamaño desde la última verificación.
[2026-06-13 17:45:53] El archivo no ha cambiado de tamaño desde la última verificación.
[2026-06-13 18:51:44] El archivo no ha cambiado de tamaño desde la última verificación.
[2026-06-13 21:41:05] El archivo no ha cambiado de tamaño desde la última verificación.
[2026-06-14 02:09:41] El archivo no ha cambiado de tamaño desde la última verificación.
[2026-06-14 05:32:13] El archivo no ha cambiado de tamaño desde la última verificación.
[2026-06-14 07:26:56] El archivo no ha cambiado de tamaño desde la última verificación.
[2026-06-14 09:54:37] El archivo no ha cambiado de tamaño desde la última verificación.
[2026-06-14 11:20:23] El archivo no ha cambiado de tamaño desde la última verificación.
[2026-06-14 12:54:31] El archivo no ha cambiado de tamaño desde la última verificación.
[2026-06-14 14:24:57] El archivo no ha cambiado de tamaño desde la última verificación.
[2026-06-14 15:48:01] El archivo no ha cambiado de tamaño desde la última verificación.
[2026-06-14 16:59:41] El archivo no ha cambiado de tamaño desde la última verificación.
[2026-06-14 18:20:31] El archivo no ha cambiado de tamaño desde la última verificación.
[2026-06-14 20:43:22] El archivo no ha cambiado de tamaño desde la última verificación.
[2026-06-15 02:01:41] El archivo no ha cambiado de tamaño desde la última verificación.
[2026-06-15 08:23:50] El archivo no ha cambiado de tamaño desde la última verificación.
[2026-06-15 13:07:12] El archivo no ha cambiado de tamaño desde la última verificación.
[2026-06-15 16:19:51] El archivo no ha cambiado de tamaño desde la última verificación.
[2026-06-15 18:13:42] El archivo no ha cambiado de tamaño desde la última verificación.
[2026-06-15 20:48:48] El archivo no ha cambiado de tamaño desde la última verificación.
[2026-06-16 02:10:46] El archivo no ha cambiado de tamaño desde la última verificación.
[2026-06-16 07:22:58] El archivo no ha cambiado de tamaño desde la última verificación.
[2026-06-16 12:30:10] El archivo no ha cambiado de tamaño desde la última verificación.
[2026-06-16 15:27:18] El archivo no ha cambiado de tamaño desde la última verificación.
[2026-06-16 17:30:45] El archivo no ha cambiado de tamaño desde la última verificación.
[2026-06-16 19:00:40] El archivo no ha cambiado de tamaño desde la última verificación.
[2026-06-17 00:05:44] El archivo no ha cambiado de tamaño desde la última verificación.
[2026-06-17 05:00:48] El archivo no ha cambiado de tamaño desde la última verificación.
[2026-06-17 08:52:48] El archivo no ha cambiado de tamaño desde la última verificación.
[2026-06-17 11:52:04] El archivo no ha cambiado de tamaño desde la última verificación.
[2026-06-17 14:18:20] El archivo no ha cambiado de tamaño desde la última verificación.
[2026-06-17 16:25:57] El archivo no ha cambiado de tamaño desde la última verificación.
[2026-06-17 17:58:39] El archivo no ha cambiado de tamaño desde la última verificación.
[2026-06-17 19:22:36] El archivo no ha cambiado de tamaño desde la última verificación.
[2026-06-18 00:13:15] El archivo no ha cambiado de tamaño desde la última verificación.
[2026-06-18 04:48:21] El archivo no ha cambiado de tamaño desde la última verificación.
[2026-06-18 07:43:18] El archivo no ha cambiado de tamaño desde la última verificación.
[2026-06-18 11:18:23] El archivo no ha cambiado de tamaño desde la última verificación.
[2026-06-18 13:38:48] El archivo no ha cambiado de tamaño desde la última verificación.
[2026-06-18 16:12:45] El archivo no ha cambiado de tamaño desde la última verificación.
[2026-06-18 18:11:11] El archivo no ha cambiado de tamaño desde la última verificación.
[2026-06-18 21:06:59] El archivo no ha cambiado de tamaño desde la última verificación.
[2026-06-19 02:24:49] El archivo no ha cambiado de tamaño desde la última verificación.
[2026-06-19 06:48:08] El archivo no ha cambiado de tamaño desde la última verificación.
[2026-06-19 09:32:32] El archivo no ha cambiado de tamaño desde la última verificación.
[2026-06-19 12:01:41] El archivo no ha cambiado de tamaño desde la última verificación.
[2026-06-19 14:05:09] El archivo no ha cambiado de tamaño desde la última verificación.
[2026-06-19 15:44:38] El archivo no ha cambiado de tamaño desde la última verificación.
[2026-06-19 16:53:38] El archivo no ha cambiado de tamaño desde la última verificación.
[2026-06-19 17:52:19] El archivo no ha cambiado de tamaño desde la última verificación.
[2026-06-19 19:02:40] El archivo no ha cambiado de tamaño desde la última verificación.
[2026-06-19 23:37:23] El archivo no ha cambiado de tamaño desde la última verificación.
[2026-06-20 03:05:45] El archivo no ha cambiado de tamaño desde la última verificación.
[2026-06-20 05:40:05] El archivo no ha cambiado de tamaño desde la última verificación.
[2026-06-20 07:18:20] El archivo no ha cambiado de tamaño desde la última verificación.
[2026-06-20 09:36:02] El archivo no ha cambiado de tamaño desde la última verificación.
[2026-06-20 11:04:58] El archivo no ha cambiado de tamaño desde la última verificación.
[2026-06-20 12:44:28] El archivo no ha cambiado de tamaño desde la última verificación.
[2026-06-20 14:01:32] El archivo no ha cambiado de tamaño desde la última verificación.
[2026-06-20 15:23:32] El archivo no ha cambiado de tamaño desde la última verificación.
[2026-06-20 16:46:02] El archivo no ha cambiado de tamaño desde la última verificación.
[2026-06-20 17:53:07] El archivo no ha cambiado de tamaño desde la última verificación.
[2026-06-20 19:01:57] El archivo no ha cambiado de tamaño desde la última verificación.
[2026-06-21 00:13:23] El archivo no ha cambiado de tamaño desde la última verificación.
[2026-06-21 04:03:33] El archivo no ha cambiado de tamaño desde la última verificación.
[2026-06-21 06:51:20] El archivo no ha cambiado de tamaño desde la última verificación.
[2026-06-21 08:46:40] El archivo no ha cambiado de tamaño desde la última verificación.
[2026-06-21 10:31:25] El archivo no ha cambiado de tamaño desde la última verificación.
[2026-06-21 12:09:23] El archivo no ha cambiado de tamaño desde la última verificación.
[2026-06-21 13:50:31] El archivo no ha cambiado de tamaño desde la última verificación.
[2026-06-21 15:19:45] El archivo no ha cambiado de tamaño desde la última verificación.
[2026-06-21 16:48:11] El archivo no ha cambiado de tamaño desde la última verificación.
[2026-06-21 17:54:29] El archivo no ha cambiado de tamaño desde la última verificación.
[2026-06-21 19:10:21] El archivo no ha cambiado de tamaño desde la última verificación.
[2026-06-22 00:31:04] El archivo no ha cambiado de tamaño desde la última verificación.
[2026-06-22 06:17:39] El archivo no ha cambiado de tamaño desde la última verificación.
[2026-06-22 11:04:09] El archivo no ha cambiado de tamaño desde la última verificación.
[2026-06-22 14:40:07] Intento 1: Fallo en la conexión (Remote end closed connection without response).
[2026-06-22 14:40:13] El archivo no ha cambiado de tamaño desde la última verificación.
[2026-06-22 16:49:23] El archivo no ha cambiado de tamaño desde la última verificación.
[2026-06-22 18:08:45] El archivo no ha cambiado de tamaño desde la última verificación.
[2026-06-22 19:20:48] El archivo no ha cambiado de tamaño desde la última verificación.
[2026-06-22 23:36:35] El archivo no ha cambiado de tamaño desde la última verificación.
[2026-06-23 03:18:57] El archivo no ha cambiado de tamaño desde la última verificación.
[2026-06-23 06:33:46] El archivo no ha cambiado de tamaño desde la última verificación.
[2026-06-23 09:03:02] El archivo no ha cambiado de tamaño desde la última verificación.
[2026-06-23 11:39:44] El archivo no ha cambiado de tamaño desde la última verificación.
[2026-06-23 13:30:56] El archivo no ha cambiado de tamaño desde la última verificación.
[2026-06-23 15:36:43] El archivo no ha cambiado de tamaño desde la última verificación.
[2026-06-23 17:03:07] El archivo no ha cambiado de tamaño desde la última verificación.
[2026-06-23 18:18:26] El archivo no ha cambiado de tamaño desde la última verificación.
[2026-06-23 19:15:00] El archivo no ha cambiado de tamaño desde la última verificación.
[2026-06-23 23:40:34] El archivo no ha cambiado de tamaño desde la última verificación.
[2026-06-24 03:05:15] El archivo no ha cambiado de tamaño desde la última verificación.
[2026-06-24 06:15:32] El archivo no ha cambiado de tamaño desde la última verificación.
[2026-06-24 08:31:17] El archivo no ha cambiado de tamaño desde la última verificación.
[2026-06-24 10:59:05] El archivo no ha cambiado de tamaño desde la última verificación.
[2026-06-24 13:03:31] El archivo no ha cambiado de tamaño desde la última verificación.
[2026-06-24 15:02:17] El archivo no ha cambiado de tamaño desde la última verificación.
[2026-06-24 16:41:12] El archivo no ha cambiado de tamaño desde la última verificación.
[2026-06-24 17:52:36] El archivo no ha cambiado de tamaño desde la última verificación.
[2026-06-24 19:01:53] El archivo no ha cambiado de tamaño desde la última verificación.
[2026-06-24 23:19:48] El archivo no ha cambiado de tamaño desde la última verificación.
[2026-06-25 02:58:24] El archivo no ha cambiado de tamaño desde la última verificación.
[2026-06-25 05:49:53] El archivo no ha cambiado de tamaño desde la última verificación.
[2026-06-25 08:08:23] El archivo no ha cambiado de tamaño desde la última verificación.
[2026-06-25 10:45:04] El archivo no ha cambiado de tamaño desde la última verificación.
[2026-06-25 12:56:40] El archivo no ha cambiado de tamaño desde la última verificación.
[2026-06-25 15:04:15] El archivo no ha cambiado de tamaño desde la última verificación.
[2026-06-25 16:51:04] El archivo no ha cambiado de tamaño desde la última verificación.
[2026-06-25 18:06:05] El archivo no ha cambiado de tamaño desde la última verificación.
[2026-06-25 19:22:04] El archivo no ha cambiado de tamaño desde la última verificación.
[2026-06-25 23:48:18] El archivo no ha cambiado de tamaño desde la última verificación.
[2026-06-26 03:23:27] El archivo no ha cambiado de tamaño desde la última verificación.
[2026-06-26 06:21:37] El archivo no ha cambiado de tamaño desde la última verificación.
[2026-06-26 08:26:50] El archivo no ha cambiado de tamaño desde la última verificación.
[2026-06-26 10:40:06] El archivo no ha cambiado de tamaño desde la última verificación.
[2026-06-26 12:23:57] El archivo no ha cambiado de tamaño desde la última verificación.
[2026-06-26 14:17:42] El archivo no ha cambiado de tamaño desde la última verificación.
[2026-06-26 15:59:55] El archivo no ha cambiado de tamaño desde la última verificación.
[2026-06-26 17:20:57] El archivo no ha cambiado de tamaño desde la última verificación.
[2026-06-26 18:39:59] El archivo no ha cambiado de tamaño desde la última verificación.
[2026-06-26 20:34:35] El archivo no ha cambiado de tamaño desde la última verificación.
[2026-06-27 00:36:29] El archivo no ha cambiado de tamaño desde la última verificación.
[2026-06-27 03:14:44] El archivo no ha cambiado de tamaño desde la última verificación.
[2026-06-27 05:26:27] El archivo no ha cambiado de tamaño desde la última verificación.
[2026-06-27 06:55:57] El archivo no ha cambiado de tamaño desde la última verificación.
[2026-06-27 08:46:55] El archivo no ha cambiado de tamaño desde la última verificación.
[2026-06-27 10:05:46] El archivo no ha cambiado de tamaño desde la última verificación.
[2026-06-27 11:18:06] El archivo no ha cambiado de tamaño desde la última verificación.
[2026-06-27 12:34:55] El archivo no ha cambiado de tamaño desde la última verificación.
[2026-06-27 13:48:44] El archivo no ha cambiado de tamaño desde la última verificación.
[2026-06-27 15:01:04] El archivo no ha cambiado de tamaño desde la última verificación.
[2026-06-27 16:15:41] El archivo no ha cambiado de tamaño desde la última verificación.
[2026-06-27 17:31:54] El archivo no ha cambiado de tamaño desde la última verificación.
[2026-06-27 18:37:02] El archivo no ha cambiado de tamaño desde la última verificación.
[2026-06-27 20:50:45] El archivo no ha cambiado de tamaño desde la última verificación.
[2026-06-28 01:07:41] El archivo no ha cambiado de tamaño desde la última verificación.
[2026-06-28 01:08:28] El archivo no ha cambiado de tamaño desde la última verificación.
[2026-06-28 04:31:58] El archivo no ha cambiado de tamaño desde la última verificación.
[2026-06-28 06:22:39] El archivo no ha cambiado de tamaño desde la última verificación.
[2026-06-28 07:52:09] El archivo no ha cambiado de tamaño desde la última verificación.
[2026-06-28 09:43:13] El archivo no ha cambiado de tamaño desde la última verificación.
[2026-06-28 10:58:50] El archivo no ha cambiado de tamaño desde la última verificación.
[2026-06-28 12:22:01] El archivo no ha cambiado de tamaño desde la última verificación.
[2026-06-28 13:40:34] El archivo no ha cambiado de tamaño desde la última verificación.
[2026-06-28 14:59:46] El archivo no ha cambiado de tamaño desde la última verificación.
[2026-06-28 16:13:03] El archivo no ha cambiado de tamaño desde la última verificación.
[2026-06-28 17:16:52] El archivo no ha cambiado de tamaño desde la última verificación.
[2026-06-28 18:33:17] El archivo no ha cambiado de tamaño desde la última verificación.
[2026-06-28 20:38:58] El archivo no ha cambiado de tamaño desde la última verificación.
[2026-06-29 01:23:02] El archivo no ha cambiado de tamaño desde la última verificación.
[2026-06-29 06:30:26] El archivo no ha cambiado de tamaño desde la última verificación.
[2026-06-29 10:01:17] El archivo no ha cambiado de tamaño desde la última verificación.
[2026-06-29 12:45:54] El archivo no ha cambiado de tamaño desde la última verificación.
[2026-06-29 14:27:04] El archivo no ha cambiado de tamaño desde la última verificación.
[2026-06-29 16:09:59] El archivo no ha cambiado de tamaño desde la última verificación.
[2026-06-29 17:20:30] El archivo no ha cambiado de tamaño desde la última verificación.
[2026-06-29 18:30:46] El archivo no ha cambiado de tamaño desde la última verificación.
[2026-06-29 20:32:55] El archivo no ha cambiado de tamaño desde la última verificación.
[2026-06-30 00:51:50] El archivo no ha cambiado de tamaño desde la última verificación.
[2026-06-30 03:56:43] El archivo no ha cambiado de tamaño desde la última verificación.
[2026-06-30 06:47:11] El archivo no ha cambiado de tamaño desde la última verificación.
[2026-06-30 08:30:26] El archivo no ha cambiado de tamaño desde la última verificación.
[2026-06-30 11:09:39] El archivo no ha cambiado de tamaño desde la última verificación.
[2026-06-30 13:14:06] El archivo no ha cambiado de tamaño desde la última verificación.
[2026-06-30 15:21:39] El archivo no ha cambiado de tamaño desde la última verificación.
[2026-06-30 16:52:19] El archivo no ha cambiado de tamaño desde la última verificación.
[2026-06-30 18:03:34] El archivo no ha cambiado de tamaño desde la última verificación.
[2026-06-30 19:18:23] El archivo no ha cambiado de tamaño desde la última verificación.
[2026-06-30 23:58:05] El archivo no ha cambiado de tamaño desde la última verificación.
[2026-07-01 03:52:41] El archivo no ha cambiado de tamaño desde la última verificación.
[2026-07-01 06:54:54] El archivo no ha cambiado de tamaño desde la última verificación.
[2026-07-01 09:33:18] El archivo no ha cambiado de tamaño desde la última verificación.
[2026-07-01 12:00:55] El archivo no ha cambiado de tamaño desde la última verificación.
[2026-07-01 14:05:29] El archivo no ha cambiado de tamaño desde la última verificación.
[2026-07-01 15:52:48] El archivo no ha cambiado de tamaño desde la última verificación.
[2026-07-01 17:14:07] El archivo no ha cambiado de tamaño desde la última verificación.
[2026-07-01 18:47:01] El archivo no ha cambiado de tamaño desde la última verificación.
[2026-07-01 20:52:28] El archivo no ha cambiado de tamaño desde la última verificación.
[2026-07-02 00:52:15] El archivo no ha cambiado de tamaño desde la última verificación.
[2026-07-02 03:43:33] El archivo no ha cambiado de tamaño desde la última verificación.
[2026-07-02 06:21:48] El archivo no ha cambiado de tamaño desde la última verificación.
[2026-07-02 08:14:31] El archivo no ha cambiado de tamaño desde la última verificación.
[2026-07-02 10:34:24] El archivo no ha cambiado de tamaño desde la última verificación.
[2026-07-02 12:15:00] El archivo no ha cambiado de tamaño desde la última verificación.
[2026-07-02 13:50:55] El archivo no ha cambiado de tamaño desde la última verificación.
[2026-07-02 15:13:04] ¡Incremento detectado! Tamaño anterior: 39565485 bytes. Nuevo tamaño: 48494212 bytes.
[2026-07-02 15:13:04] Descargando el archivo actualizado...
[2026-07-02 15:13:43] Ejecutando script de cálculo y consolidación...
[2026-07-02 15:18:22] Script de cálculo ejecutado con éxito.
[2026-07-02 15:18:22] Enviando correo de notificación...
[2026-07-02 15:18:23] Correo enviado con éxito.
[2026-07-02 16:35:07] El archivo no ha cambiado de tamaño desde la última verificación.
[2026-07-02 17:43:49] El archivo no ha cambiado de tamaño desde la última verificación.
[2026-07-02 18:47:07] El archivo no ha cambiado de tamaño desde la última verificación.
[2026-07-02 20:21:29] El archivo no ha cambiado de tamaño desde la última verificación.
[2026-07-03 00:07:18] El archivo no ha cambiado de tamaño desde la última verificación.
[2026-07-03 03:26:25] El archivo no ha cambiado de tamaño desde la última verificación.
[2026-07-03 06:10:24] El archivo no ha cambiado de tamaño desde la última verificación.
[2026-07-03 08:11:53] El archivo no ha cambiado de tamaño desde la última verificación.
[2026-07-03 10:26:14] ¡Incremento detectado! Tamaño anterior: 48494212 bytes. Nuevo tamaño: 48500802 bytes.
[2026-07-03 10:26:14] Descargando el archivo actualizado...
[2026-07-03 10:27:00] Ejecutando script de cálculo y consolidación...
[2026-07-03 10:31:05] Error al ejecutar el script de cálculo: Traceback (most recent call last):
  File "/home/runner/work/MonitorSri-Web/MonitorSri-Web/procesador_sri.py", line 327, in <module>
    main()
  File "/home/runner/work/MonitorSri-Web/MonitorSri-Web/procesador_sri.py", line 221, in main
    df_2026 = load_and_clean_2026(args.input_dir)
  File "/home/runner/work/MonitorSri-Web/MonitorSri-Web/procesador_sri.py", line 186, in load_and_clean_2026
    return load_and_clean_generic(filepath, 2026)
  File "/home/runner/work/MonitorSri-Web/MonitorSri-Web/procesador_sri.py", line 144, in load_and_clean_generic
    raise KeyError(f"Columnas requeridas no encontradas en el archivo de {year}: {missing}. Columnas disponibles: {actual_cols}")
KeyError: "Columnas requeridas no encontradas en el archivo de 2026: ['CATEGORÍA', 'CODIGO DE VEHICULO', 'TIPO TRANSACCIÓN']. Columnas disponibles: ['ï»¿CATEGORÃ\\x8dA', 'CÃ\\x93DIGO DE VEHÃ\\x8dCULO', 'TIPO TRANSACCIÃ\\x93N', 'MARCA', 'MODELO', 'PAIS', 'AÃ\\x91O MODELO', 'CLASE', 'SUB CLASE', 'TIPO', 'AVALUO', 'FECHA PROCESO (DD/MM/AAAA)', 'TIPO SERVICIO', 'CILINDRAJE', 'TIPO COMBUSTIBLE', 'FECHA COMPRA  (DD/MM/AAAA)', 'CANTÃ\\x93N', 'COLOR 1', 'COLOR 2', 'PERSONA NATURAL - JURÃ\\x8dDICA']"

[2026-07-03 10:31:05] Enviando correo de notificación de error...
[2026-07-03 10:31:07] Correo de error enviado con éxito.
[2026-07-03 10:31:07] Enviando correo de notificación...
[2026-07-03 10:31:09] Correo enviado con éxito.
[2026-07-03 11:54:37] El archivo no ha cambiado de tamaño desde la última verificación.
[2026-07-03 13:11:49] El archivo no ha cambiado de tamaño desde la última verificación.
[2026-07-03 14:50:38] El archivo no ha cambiado de tamaño desde la última verificación.
[2026-07-03 15:50:03] El archivo no ha cambiado de tamaño desde la última verificación.
[2026-07-03 16:51:38] El archivo no ha cambiado de tamaño desde la última verificación.
[2026-07-03 17:54:34] El archivo no ha cambiado de tamaño desde la última verificación.
[2026-07-03 19:03:05] El archivo no ha cambiado de tamaño desde la última verificación.
[2026-07-03 22:56:59] El archivo no ha cambiado de tamaño desde la última verificación.
[2026-07-04 01:51:09] El archivo no ha cambiado de tamaño desde la última verificación.
[2026-07-04 04:12:26] El archivo no ha cambiado de tamaño desde la última verificación.
[2026-07-04 06:01:31] El archivo no ha cambiado de tamaño desde la última verificación.
[2026-07-04 07:13:16] El archivo no ha cambiado de tamaño desde la última verificación.
[2026-07-04 09:01:00] El archivo no ha cambiado de tamaño desde la última verificación.
[2026-07-04 10:16:41] El archivo no ha cambiado de tamaño desde la última verificación.
[2026-07-04 11:28:56] El archivo no ha cambiado de tamaño desde la última verificación.
[2026-07-04 12:36:02] El archivo no ha cambiado de tamaño desde la última verificación.
[2026-07-04 13:38:03] El archivo no ha cambiado de tamaño desde la última verificación.
[2026-07-04 14:52:19] El archivo no ha cambiado de tamaño desde la última verificación.
[2026-07-04 15:44:49] El archivo no ha cambiado de tamaño desde la última verificación.
[2026-07-04 16:42:17] El archivo no ha cambiado de tamaño desde la última verificación.
[2026-07-04 17:40:38] El archivo no ha cambiado de tamaño desde la última verificación.
[2026-07-04 18:43:57] El archivo no ha cambiado de tamaño desde la última verificación.
[2026-07-04 20:26:29] El archivo no ha cambiado de tamaño desde la última verificación.
[2026-07-05 00:40:28] El archivo no ha cambiado de tamaño desde la última verificación.
[2026-07-05 03:31:03] El archivo no ha cambiado de tamaño desde la última verificación.
[2026-07-05 05:48:41] El archivo no ha cambiado de tamaño desde la última verificación.
[2026-07-05 07:05:52] El archivo no ha cambiado de tamaño desde la última verificación.
[2026-07-05 09:04:48] El archivo no ha cambiado de tamaño desde la última verificación.
[2026-07-05 10:33:35] El archivo no ha cambiado de tamaño desde la última verificación.
[2026-07-05 11:38:24] El archivo no ha cambiado de tamaño desde la última verificación.
[2026-07-05 12:44:28] El archivo no ha cambiado de tamaño desde la última verificación.
[2026-07-05 13:48:35] El archivo no ha cambiado de tamaño desde la última verificación.
[2026-07-05 15:03:21] El archivo no ha cambiado de tamaño desde la última verificación.
[2026-07-05 16:16:00] El archivo no ha cambiado de tamaño desde la última verificación.
[2026-07-05 17:16:13] El archivo no ha cambiado de tamaño desde la última verificación.
[2026-07-05 18:31:32] El archivo no ha cambiado de tamaño desde la última verificación.
[2026-07-05 20:19:43] El archivo no ha cambiado de tamaño desde la última verificación.
[2026-07-06 00:42:09] El archivo no ha cambiado de tamaño desde la última verificación.
[2026-07-06 04:44:48] El archivo no ha cambiado de tamaño desde la última verificación.
[2026-07-06 08:34:14] El archivo no ha cambiado de tamaño desde la última verificación.
[2026-07-06 11:43:07] El archivo no ha cambiado de tamaño desde la última verificación.
[2026-07-06 13:32:39] El archivo no ha cambiado de tamaño desde la última verificación.
[2026-07-06 15:31:06] El archivo no ha cambiado de tamaño desde la última verificación.
[2026-07-06 16:59:20] El archivo no ha cambiado de tamaño desde la última verificación.
[2026-07-06 18:16:41] El archivo no ha cambiado de tamaño desde la última verificación.
[2026-07-06 20:11:07] El archivo no ha cambiado de tamaño desde la última verificación.
[2026-07-07 00:07:38] El archivo no ha cambiado de tamaño desde la última verificación.
[2026-07-07 03:39:44] El archivo no ha cambiado de tamaño desde la última verificación.
[2026-07-07 06:30:47] El archivo no ha cambiado de tamaño desde la última verificación.
[2026-07-07 08:39:01] El archivo no ha cambiado de tamaño desde la última verificación.
[2026-07-07 11:11:19] El archivo no ha cambiado de tamaño desde la última verificación.
[2026-07-07 13:20:45] El archivo no ha cambiado de tamaño desde la última verificación.
[2026-07-07 15:20:08] El archivo no ha cambiado de tamaño desde la última verificación.
[2026-07-07 16:48:07] El archivo no ha cambiado de tamaño desde la última verificación.
[2026-07-07 17:46:47] El archivo no ha cambiado de tamaño desde la última verificación.
[2026-07-07 18:41:20] El archivo no ha cambiado de tamaño desde la última verificación.
[2026-07-07 20:12:34] El archivo no ha cambiado de tamaño desde la última verificación.
[2026-07-07 23:34:21] El archivo no ha cambiado de tamaño desde la última verificación.
[2026-07-08 02:11:54] El archivo no ha cambiado de tamaño desde la última verificación.
[2026-07-08 04:38:34] El archivo no ha cambiado de tamaño desde la última verificación.
[2026-07-08 06:29:39] El archivo no ha cambiado de tamaño desde la última verificación.
[2026-07-08 08:11:18] El archivo no ha cambiado de tamaño desde la última verificación.
[2026-07-08 10:35:45] El archivo no ha cambiado de tamaño desde la última verificación.
[2026-07-08 12:05:18] El archivo no ha cambiado de tamaño desde la última verificación.
[2026-07-08 13:41:00] El archivo no ha cambiado de tamaño desde la última verificación.
[2026-07-08 15:09:53] El archivo no ha cambiado de tamaño desde la última verificación.
[2026-07-08 16:31:08] El archivo no ha cambiado de tamaño desde la última verificación.
[2026-07-08 17:37:24] El archivo no ha cambiado de tamaño desde la última verificación.
[2026-07-08 18:43:30] El archivo no ha cambiado de tamaño desde la última verificación.
[2026-07-08 20:19:28] El archivo no ha cambiado de tamaño desde la última verificación.
[2026-07-09 00:14:09] El archivo no ha cambiado de tamaño desde la última verificación.
[2026-07-09 06:39:22] El archivo no ha cambiado de tamaño desde la última verificación.
[2026-07-09 09:16:00] El archivo no ha cambiado de tamaño desde la última verificación.
[2026-07-09 11:45:57] El archivo no ha cambiado de tamaño desde la última verificación.
[2026-07-09 13:31:34] El archivo no ha cambiado de tamaño desde la última verificación.
[2026-07-09 15:25:51] El archivo no ha cambiado de tamaño desde la última verificación.
[2026-07-09 16:58:08] El archivo no ha cambiado de tamaño desde la última verificación.
[2026-07-09 18:19:22] El archivo no ha cambiado de tamaño desde la última verificación.
[2026-07-09 20:03:49] El archivo no ha cambiado de tamaño desde la última verificación.
[2026-07-10 00:04:09] El archivo no ha cambiado de tamaño desde la última verificación.
[2026-07-10 03:34:09] El archivo no ha cambiado de tamaño desde la última verificación.
[2026-07-10 06:30:06] El archivo no ha cambiado de tamaño desde la última verificación.
[2026-07-10 08:30:04] El archivo no ha cambiado de tamaño desde la última verificación.
[2026-07-10 10:58:45] El archivo no ha cambiado de tamaño desde la última verificación.
[2026-07-10 12:54:26] El archivo no ha cambiado de tamaño desde la última verificación.
[2026-07-10 14:23:24] El archivo no ha cambiado de tamaño desde la última verificación.
[2026-07-10 15:48:00] El archivo no ha cambiado de tamaño desde la última verificación.
[2026-07-10 16:45:36] El archivo no ha cambiado de tamaño desde la última verificación.
[2026-07-10 17:43:47] El archivo no ha cambiado de tamaño desde la última verificación.
